<?xml version="1.0" encoding="UTF-8"?>
<!-- Generated by org.testng.reporters.JUnitReportReporter -->
<testsuite skipped="0" hostname="DELL" name="com.crm.qa.testcases.LoginPageTest" tests="3" failures="0" timestamp="09 Jun 2019 06:50:26 GMT" time="171.759" errors="0">
  <testcase name="titleTest" time="37.857" classname="com.crm.qa.testcases.LoginPageTest"/>
  <testcase name="validateLogoTest" time="90.418" classname="com.crm.qa.testcases.LoginPageTest"/>
  <testcase name="loginTest" time="43.484" classname="com.crm.qa.testcases.LoginPageTest"/>
</testsuite> <!-- com.crm.qa.testcases.LoginPageTest -->
