<?xml version="1.0" encoding="UTF-8"?>
<!-- Generated by org.testng.reporters.JUnitReportReporter -->
<testsuite skipped="0" hostname="DELL" name="com.crm.qa.testcases.contactsPageTest" tests="6" failures="0" timestamp="09 Jun 2019 06:50:26 GMT" time="268.295" errors="0">
  <testcase name="verifyContactsPageLabelTest" time="41.154" classname="com.crm.qa.testcases.contactsPageTest"/>
  <testcase name="selectContactsTest" time="41.001" classname="com.crm.qa.testcases.contactsPageTest"/>
  <testcase name="validateCreateNewContact" time="46.907" classname="com.crm.qa.testcases.contactsPageTest"/>
  <testcase name="validateCreateNewContact" time="45.406" classname="com.crm.qa.testcases.contactsPageTest"/>
  <testcase name="validateCreateNewContact" time="46.807" classname="com.crm.qa.testcases.contactsPageTest"/>
  <testcase name="validateCreateNewContact" time="47.020" classname="com.crm.qa.testcases.contactsPageTest"/>
</testsuite> <!-- com.crm.qa.testcases.contactsPageTest -->
